-------------------------------------------------------------------------------
Test set: edu.vt.jgwes.test.NativeApiIllustrationTest
-------------------------------------------------------------------------------
Tests run: 1, Failures: 0, Errors: 1, Skipped: 0, Time elapsed: 0.531 sec <<< FAILURE!
testBasicUsage(edu.vt.jgwes.test.NativeApiIllustrationTest)  Time elapsed: 0.508 sec  <<< ERROR!
org.hibernate.InvalidMappingException: Could not parse mapping document from resource hbm/Event.hbm.xml
	at org.hibernate.cfg.Configuration$MetadataSourceQueue.processHbmXml(Configuration.java:3380)
	at org.hibernate.cfg.Configuration$MetadataSourceQueue.processHbmXmlQueue(Configuration.java:3369)
	at org.hibernate.cfg.Configuration$MetadataSourceQueue.processMetadata(Configuration.java:3357)
	at org.hibernate.cfg.Configuration.secondPassCompile(Configuration.java:1334)
	at org.hibernate.cfg.Configuration.buildSessionFactory(Configuration.java:1724)
	at org.hibernate.cfg.Configuration.buildSessionFactory(Configuration.java:1775)
	at edu.vt.jgwes.test.NativeApiIllustrationTest.setUp(NativeApiIllustrationTest.java:23)
	at junit.framework.TestCase.runBare(TestCase.java:132)
	at junit.framework.TestResult$1.protect(TestResult.java:110)
	at junit.framework.TestResult.runProtected(TestResult.java:128)
	at junit.framework.TestResult.run(TestResult.java:113)
	at junit.framework.TestCase.run(TestCase.java:124)
	at junit.framework.TestSuite.runTest(TestSuite.java:243)
	at junit.framework.TestSuite.run(TestSuite.java:238)
	at org.junit.internal.runners.JUnit38ClassRunner.run(JUnit38ClassRunner.java:83)
	at org.apache.maven.surefire.junit4.JUnit4TestSet.execute(JUnit4TestSet.java:62)
	at org.apache.maven.surefire.suite.AbstractDirectoryTestSuite.executeTestSet(AbstractDirectoryTestSuite.java:140)
	at org.apache.maven.surefire.suite.AbstractDirectoryTestSuite.execute(AbstractDirectoryTestSuite.java:127)
	at org.apache.maven.surefire.Surefire.run(Surefire.java:177)
	at sun.reflect.NativeMethodAccessorImpl.invoke0(Native Method)
	at sun.reflect.NativeMethodAccessorImpl.invoke(NativeMethodAccessorImpl.java:57)
	at sun.reflect.DelegatingMethodAccessorImpl.invoke(DelegatingMethodAccessorImpl.java:43)
	at java.lang.reflect.Method.invoke(Method.java:601)
	at org.apache.maven.surefire.booter.SurefireBooter.runSuitesInProcess(SurefireBooter.java:345)
	at org.apache.maven.surefire.booter.SurefireBooter.main(SurefireBooter.java:1009)
Caused by: org.hibernate.MappingException: class org.hibernate.tutorial.hbm.Event not found while looking for property: id
	at org.hibernate.internal.util.ReflectHelper.reflectedPropertyClass(ReflectHelper.java:232)
	at org.hibernate.mapping.SimpleValue.setTypeUsingReflection(SimpleValue.java:314)
	at org.hibernate.cfg.HbmBinder.bindSimpleId(HbmBinder.java:447)
	at org.hibernate.cfg.HbmBinder.bindRootPersistentClassCommonValues(HbmBinder.java:380)
	at org.hibernate.cfg.HbmBinder.bindRootClass(HbmBinder.java:320)
	at org.hibernate.cfg.HbmBinder.bindRoot(HbmBinder.java:171)
	at org.hibernate.cfg.Configuration$MetadataSourceQueue.processHbmXml(Configuration.java:3377)
	... 24 more
Caused by: java.lang.ClassNotFoundException: org.hibernate.tutorial.hbm.Event
	at java.net.URLClassLoader$1.run(URLClassLoader.java:366)
	at java.net.URLClassLoader$1.run(URLClassLoader.java:355)
	at java.security.AccessController.doPrivileged(Native Method)
	at java.net.URLClassLoader.findClass(URLClassLoader.java:354)
	at java.lang.ClassLoader.loadClass(ClassLoader.java:423)
	at sun.misc.Launcher$AppClassLoader.loadClass(Launcher.java:308)
	at java.lang.ClassLoader.loadClass(ClassLoader.java:356)
	at java.lang.Class.forName0(Native Method)
	at java.lang.Class.forName(Class.java:186)
	at org.hibernate.internal.util.ReflectHelper.classForName(ReflectHelper.java:192)
	at org.hibernate.internal.util.ReflectHelper.reflectedPropertyClass(ReflectHelper.java:228)
	... 30 more

