<?xml version="1.0" encoding="UTF-8" ?>
<testsuite failures="0" time="0.524" errors="1" skipped="0" tests="1" name="edu.vt.jgwes.test.NativeApiIllustrationTest">
  <properties>
[...]
</properties>
  <testcase time="0.504" classname="edu.vt.jgwes.test.NativeApiIllustrationTest" name="testBasicUsage">
    <error message="Could not parse mapping document from resource hbm/Event.hbm.xml" type="org.hibernate.InvalidMappingException">org.hibernate.InvalidMappingException: Could not parse mapping document from resource hbm/Event.hbm.xml
	at org.hibernate.cfg.Configuration$MetadataSourceQueue.processHbmXml(Configuration.java:3380)
	at org.hibernate.cfg.Configuration$MetadataSourceQueue.processHbmXmlQueue(Configuration.java:3369)
	at org.hibernate.cfg.Configuration$MetadataSourceQueue.processMetadata(Configuration.java:3357)
	at org.hibernate.cfg.Configuration.secondPassCompile(Configuration.java:1334)
	at org.hibernate.cfg.Configuration.buildSessionFactory(Configuration.java:1724)
	at org.hibernate.cfg.Configuration.buildSessionFactory(Configuration.java:1775)
	at edu.vt.jgwes.test.NativeApiIllustrationTest.setUp(NativeApiIllustrationTest.java:23)
	at junit.framework.TestCase.runBare(TestCase.java:132)
	at junit.framework.TestResult$1.protect(TestResult.java:110)
	at junit.framework.TestResult.runProtected(TestResult.java:128)
	at junit.framework.TestResult.run(TestResult.java:113)
	at junit.framework.TestCase.run(TestCase.java:124)
	at junit.framework.TestSuite.runTest(TestSuite.java:243)
	at junit.framework.TestSuite.run(TestSuite.java:238)
	at org.junit.internal.runners.JUnit38ClassRunner.run(JUnit38ClassRunner.java:83)
	at org.apache.maven.surefire.junit4.JUnit4TestSet.execute(JUnit4TestSet.java:62)
	at org.apache.maven.surefire.suite.AbstractDirectoryTestSuite.executeTestSet(AbstractDirectoryTestSuite.java:140)
	at org.apache.maven.surefire.suite.AbstractDirectoryTestSuite.execute(AbstractDirectoryTestSuite.java:127)
	at org.apache.maven.surefire.Surefire.run(Surefire.java:177)
	at sun.reflect.NativeMethodAccessorImpl.invoke0(Native Method)
	at sun.reflect.NativeMethodAccessorImpl.invoke(NativeMethodAccessorImpl.java:57)
	at sun.reflect.DelegatingMethodAccessorImpl.invoke(DelegatingMethodAccessorImpl.java:43)
	at java.lang.reflect.Method.invoke(Method.java:601)
	at org.apache.maven.surefire.booter.SurefireBooter.runSuitesInProcess(SurefireBooter.java:345)
	at org.apache.maven.surefire.booter.SurefireBooter.main(SurefireBooter.java:1009)
Caused by: org.hibernate.MappingException: class org.hibernate.tutorial.hbm.Event not found while looking for property: id
	at org.hibernate.internal.util.ReflectHelper.reflectedPropertyClass(ReflectHelper.java:232)
	at org.hibernate.mapping.SimpleValue.setTypeUsingReflection(SimpleValue.java:314)
	at org.hibernate.cfg.HbmBinder.bindSimpleId(HbmBinder.java:447)
	at org.hibernate.cfg.HbmBinder.bindRootPersistentClassCommonValues(HbmBinder.java:380)
	at org.hibernate.cfg.HbmBinder.bindRootClass(HbmBinder.java:320)
	at org.hibernate.cfg.HbmBinder.bindRoot(HbmBinder.java:171)
	at org.hibernate.cfg.Configuration$MetadataSourceQueue.processHbmXml(Configuration.java:3377)
	... 24 more
Caused by: java.lang.ClassNotFoundException: org.hibernate.tutorial.hbm.Event
	at java.net.URLClassLoader$1.run(URLClassLoader.java:366)
	at java.net.URLClassLoader$1.run(URLClassLoader.java:355)
	at java.security.AccessController.doPrivileged(Native Method)
	at java.net.URLClassLoader.findClass(URLClassLoader.java:354)
	at java.lang.ClassLoader.loadClass(ClassLoader.java:423)
	at sun.misc.Launcher$AppClassLoader.loadClass(Launcher.java:308)
	at java.lang.ClassLoader.loadClass(ClassLoader.java:356)
	at java.lang.Class.forName0(Native Method)
	at java.lang.Class.forName(Class.java:186)
	at org.hibernate.internal.util.ReflectHelper.classForName(ReflectHelper.java:192)
	at org.hibernate.internal.util.ReflectHelper.reflectedPropertyClass(ReflectHelper.java:228)
	... 30 more
</error>
    <system-err>Jan 23, 2012 10:23:48 PM org.hibernate.annotations.common.Version &lt;clinit&gt;
INFO: HCANN000001: Hibernate Commons Annotations {4.0.1.Final}
Jan 23, 2012 10:23:48 PM org.hibernate.Version logVersion
INFO: HHH000412: Hibernate Core {4.0.1.Final}
Jan 23, 2012 10:23:48 PM org.hibernate.cfg.Environment &lt;clinit&gt;
INFO: HHH000206: hibernate.properties not found
Jan 23, 2012 10:23:48 PM org.hibernate.cfg.Environment buildBytecodeProvider
INFO: HHH000021: Bytecode provider name : javassist
Jan 23, 2012 10:23:48 PM org.hibernate.cfg.Configuration configure
INFO: HHH000043: Configuring from resource: /hibernate.cfg.xml
Jan 23, 2012 10:23:48 PM org.hibernate.cfg.Configuration getConfigurationInputStream
INFO: HHH000040: Configuration resource: /hibernate.cfg.xml
Jan 23, 2012 10:23:49 PM org.hibernate.cfg.Configuration addResource
INFO: HHH000221: Reading mappings from resource: hbm/Event.hbm.xml
Jan 23, 2012 10:23:49 PM org.hibernate.cfg.Configuration doConfigure
INFO: HHH000041: Configured SessionFactory: null
</system-err>
  </testcase>
</testsuite>